J:\PROJECTS\HUNTINGDRAGON\GAMETUTOR\PROJECT\VS2010\DEBUG\CCHARMAP.OBJ
J:\PROJECTS\HUNTINGDRAGON\GAMETUTOR\PROJECT\VS2010\DEBUG\CCONTROLLEREVENTMANAGER.OBJ
J:\PROJECTS\HUNTINGDRAGON\GAMETUTOR\PROJECT\VS2010\DEBUG\CCOORDINATECONVERTER.OBJ
J:\PROJECTS\HUNTINGDRAGON\GAMETUTOR\PROJECT\VS2010\DEBUG\CDEVICE.OBJ
J:\PROJECTS\HUNTINGDRAGON\GAMETUTOR\PROJECT\VS2010\DEBUG\CFPSCONTROLLER.OBJ
J:\PROJECTS\HUNTINGDRAGON\GAMETUTOR\PROJECT\VS2010\DEBUG\CGAME.OBJ
J:\PROJECTS\HUNTINGDRAGON\GAMETUTOR\PROJECT\VS2010\DEBUG\CGRAPHICS2D.OBJ
J:\PROJECTS\HUNTINGDRAGON\GAMETUTOR\PROJECT\VS2010\DEBUG\CIMAGE.OBJ
J:\Projects\HuntingDragon\gametutor\project\vs2010\Debug\cl.command.1.tlog
J:\Projects\HuntingDragon\gametutor\project\vs2010\Debug\CL.read.1.tlog
J:\Projects\HuntingDragon\gametutor\project\vs2010\Debug\CL.write.1.tlog
J:\PROJECTS\HUNTINGDRAGON\GAMETUTOR\PROJECT\VS2010\DEBUG\CSTATEMANAGEMENT.OBJ
J:\PROJECTS\HUNTINGDRAGON\GAMETUTOR\PROJECT\VS2010\DEBUG\CTEXT2D.OBJ
J:\PROJECTS\HUNTINGDRAGON\GAMETUTOR\PROJECT\VS2010\DEBUG\CVIEWCONTROLLER.OBJ
J:\PROJECTS\HUNTINGDRAGON\GAMETUTOR\PROJECT\VS2010\DEBUG\CVSVIEW.OBJ
J:\Projects\HuntingDragon\gametutor\project\vs2010\Debug\demo.ilk
J:\Projects\HuntingDragon\gametutor\project\vs2010\Debug\demo.pdb
J:\PROJECTS\HUNTINGDRAGON\GAMETUTOR\PROJECT\VS2010\DEBUG\GAMETUTOR.LIB
J:\Projects\HuntingDragon\gametutor\project\vs2010\Debug\lib.command.1.tlog
J:\Projects\HuntingDragon\gametutor\project\vs2010\Debug\Lib-link.read.1.tlog
J:\Projects\HuntingDragon\gametutor\project\vs2010\Debug\Lib-link.write.1.tlog
J:\PROJECTS\HUNTINGDRAGON\GAMETUTOR\PROJECT\VS2010\DEBUG\LOADSHADER.OBJ
J:\Projects\HuntingDragon\gametutor\project\vs2010\Debug\vc100.idb
J:\PROJECTS\HUNTINGDRAGON\GAMETUTOR\PROJECT\VS2010\DEBUG\VC100.PDB
