C:\USERS\INTERN\DESKTOP\BAL\GAMELOFT\DEMO\DEBUG\CEXAMPLE.OBJ
C:\USERS\INTERN\DESKTOP\BAL\GAMELOFT\DEMO\DEBUG\CSTATELOGO.OBJ
C:\USERS\INTERN\DESKTOP\BAL\GAMELOFT\DEMO\DEBUG\CSTATEPOSTER.OBJ
C:\USERS\INTERN\DESKTOP\BAL\GAMELOFT\DEMO\DEBUG\DEMO.EXE.INTERMEDIATE.MANIFEST
C:\USERS\INTERN\DESKTOP\BAL\GAMELOFT\DEMO\DEBUG\MAIN.OBJ
C:\USERS\INTERN\DESKTOP\BAL\GAMELOFT\DEMO\DEBUG\VC100.PDB
C:\USERS\INTERN\DESKTOP\BAL\GAMELOFT\GAMETUTOR\PROJECT\VS2010\DEBUG\DEMO.EXE
C:\USERS\INTERN\DESKTOP\BAL\GAMELOFT\GAMETUTOR\PROJECT\VS2010\DEBUG\DEMO.ILK
C:\USERS\INTERN\DESKTOP\BAL\GAMELOFT\GAMETUTOR\PROJECT\VS2010\DEBUG\DEMO.PDB
J:\PROJECTS\HUNTINGDRAGON\DEMO\DEBUG\CEXAMPLE.OBJ
J:\Projects\HuntingDragon\demo\Debug\cl.command.1.tlog
J:\Projects\HuntingDragon\demo\Debug\CL.read.1.tlog
J:\Projects\HuntingDragon\demo\Debug\CL.write.1.tlog
J:\PROJECTS\HUNTINGDRAGON\DEMO\DEBUG\CSTATELOGO.OBJ
J:\PROJECTS\HUNTINGDRAGON\DEMO\DEBUG\CSTATEPOSTER.OBJ
J:\PROJECTS\HUNTINGDRAGON\DEMO\DEBUG\DEMO.EXE.INTERMEDIATE.MANIFEST
J:\Projects\HuntingDragon\demo\Debug\link.command.1.tlog
J:\Projects\HuntingDragon\demo\Debug\link.read.1.tlog
J:\Projects\HuntingDragon\demo\Debug\link.write.1.tlog
J:\PROJECTS\HUNTINGDRAGON\DEMO\DEBUG\MAIN.OBJ
J:\Projects\HuntingDragon\demo\Debug\mt.command.1.tlog
J:\Projects\HuntingDragon\demo\Debug\mt.read.1.tlog
J:\Projects\HuntingDragon\demo\Debug\mt.write.1.tlog
J:\Projects\HuntingDragon\demo\Debug\vc100.idb
J:\PROJECTS\HUNTINGDRAGON\DEMO\DEBUG\VC100.PDB
J:\PROJECTS\HUNTINGDRAGON\GAMETUTOR\PROJECT\VS2010\DEBUG\DEMO.EXE
J:\PROJECTS\HUNTINGDRAGON\GAMETUTOR\PROJECT\VS2010\DEBUG\DEMO.ILK
J:\PROJECTS\HUNTINGDRAGON\GAMETUTOR\PROJECT\VS2010\DEBUG\DEMO.PDB
K:\PROJECTS\HUNTINGDRAGON\DEMO\DEBUG\CEXAMPLE.OBJ
K:\PROJECTS\HUNTINGDRAGON\DEMO\DEBUG\CSTATELOGO.OBJ
K:\PROJECTS\HUNTINGDRAGON\DEMO\DEBUG\CSTATEPOSTER.OBJ
K:\PROJECTS\HUNTINGDRAGON\DEMO\DEBUG\DEMO.EXE.INTERMEDIATE.MANIFEST
K:\PROJECTS\HUNTINGDRAGON\DEMO\DEBUG\MAIN.OBJ
K:\PROJECTS\HUNTINGDRAGON\DEMO\DEBUG\VC100.PDB
K:\PROJECTS\HUNTINGDRAGON\GAMETUTOR\PROJECT\VS2010\DEBUG\DEMO.EXE
K:\PROJECTS\HUNTINGDRAGON\GAMETUTOR\PROJECT\VS2010\DEBUG\DEMO.ILK
K:\PROJECTS\HUNTINGDRAGON\GAMETUTOR\PROJECT\VS2010\DEBUG\DEMO.PDB
