K:\TANCONGPROJ\HD\TRUNK\HUNTINGDRAGON\GAMETUTOR\PROJECT\VS2010\DEBUG\CCAMERA.OBJ
K:\TANCONGPROJ\HD\TRUNK\HUNTINGDRAGON\GAMETUTOR\PROJECT\VS2010\DEBUG\CCHARMAP.OBJ
K:\TANCONGPROJ\HD\TRUNK\HUNTINGDRAGON\GAMETUTOR\PROJECT\VS2010\DEBUG\CCONTROLLEREVENTMANAGER.OBJ
K:\TANCONGPROJ\HD\TRUNK\HUNTINGDRAGON\GAMETUTOR\PROJECT\VS2010\DEBUG\CCOORDINATECONVERTER.OBJ
K:\TANCONGPROJ\HD\TRUNK\HUNTINGDRAGON\GAMETUTOR\PROJECT\VS2010\DEBUG\CDEVICE.OBJ
K:\TANCONGPROJ\HD\TRUNK\HUNTINGDRAGON\GAMETUTOR\PROJECT\VS2010\DEBUG\CFPSCONTROLLER.OBJ
K:\TANCONGPROJ\HD\TRUNK\HUNTINGDRAGON\GAMETUTOR\PROJECT\VS2010\DEBUG\CGAME.OBJ
K:\TANCONGPROJ\HD\TRUNK\HUNTINGDRAGON\GAMETUTOR\PROJECT\VS2010\DEBUG\CGRAPHICS3D.OBJ
K:\TANCONGPROJ\HD\TRUNK\HUNTINGDRAGON\GAMETUTOR\PROJECT\VS2010\DEBUG\CIMAGE.OBJ
K:\TANCONGProj\HD\trunk\HuntingDragon\gametutor\project\vs2010\Debug\cl.command.1.tlog
K:\TANCONGProj\HD\trunk\HuntingDragon\gametutor\project\vs2010\Debug\CL.read.1.tlog
K:\TANCONGProj\HD\trunk\HuntingDragon\gametutor\project\vs2010\Debug\CL.write.1.tlog
K:\TANCONGPROJ\HD\TRUNK\HUNTINGDRAGON\GAMETUTOR\PROJECT\VS2010\DEBUG\CMODEL.OBJ
K:\TANCONGPROJ\HD\TRUNK\HUNTINGDRAGON\GAMETUTOR\PROJECT\VS2010\DEBUG\COBJECT.OBJ
K:\TANCONGPROJ\HD\TRUNK\HUNTINGDRAGON\GAMETUTOR\PROJECT\VS2010\DEBUG\CSTATEMANAGEMENT.OBJ
K:\TANCONGPROJ\HD\TRUNK\HUNTINGDRAGON\GAMETUTOR\PROJECT\VS2010\DEBUG\CTERRAIN.OBJ
K:\TANCONGPROJ\HD\TRUNK\HUNTINGDRAGON\GAMETUTOR\PROJECT\VS2010\DEBUG\CTEXT2D.OBJ
K:\TANCONGPROJ\HD\TRUNK\HUNTINGDRAGON\GAMETUTOR\PROJECT\VS2010\DEBUG\CTHIRDPERSONCAMERA.OBJ
K:\TANCONGPROJ\HD\TRUNK\HUNTINGDRAGON\GAMETUTOR\PROJECT\VS2010\DEBUG\CVIEWCONTROLLER.OBJ
K:\TANCONGPROJ\HD\TRUNK\HUNTINGDRAGON\GAMETUTOR\PROJECT\VS2010\DEBUG\CVSVIEW.OBJ
K:\TANCONGPROJ\HD\TRUNK\HUNTINGDRAGON\GAMETUTOR\PROJECT\VS2010\DEBUG\LOADSHADER.OBJ
K:\TANCONGPROJ\HD\TRUNK\HUNTINGDRAGON\GAMETUTOR\PROJECT\VS2010\DEBUG\MATRIX.OBJ
K:\TANCONGProj\HD\trunk\HuntingDragon\gametutor\project\vs2010\Debug\vc100.idb
K:\TANCONGPROJ\HD\TRUNK\HUNTINGDRAGON\GAMETUTOR\PROJECT\VS2010\DEBUG\VC100.PDB
K:\TANCONGPROJ\HD\TRUNK\HUNTINGDRAGON\GAMETUTOR\PROJECT\VS2010\DEBUG\VECTOR3.OBJ
